<?xml version="1.0" encoding="UTF-8"?>
<!-- Generated by org.testng.reporters.JUnitReportReporter -->
<testsuite skipped="0" hostname="DESKTOP-DD8IRLB" name="com.naukri.testCases.refreshTest" tests="1" failures="0" timestamp="2023-09-24T20:25:31 IST" time="19.573" errors="0">
  <testcase name="UpdateProfile" time="19.573" classname="com.naukri.testCases.refreshTest"/>
  <system-out/>
</testsuite> <!-- com.naukri.testCases.refreshTest -->
